Release 14.7 - xst P.20131013 (nt)
Copyright (c) 1995-2013 Xilinx, Inc.  All rights reserved.
--> Parameter TMPDIR set to xst/projnav.tmp


Total REAL time to Xst completion: 0.00 secs
Total CPU time to Xst completion: 0.13 secs
 
--> Parameter xsthdpdir set to xst


Total REAL time to Xst completion: 0.00 secs
Total CPU time to Xst completion: 0.13 secs
 
--> Reading design: l6q3.prj

TABLE OF CONTENTS
  1) Synthesis Options Summary
  2) HDL Compilation
  3) Design Hierarchy Analysis
  4) HDL Analysis
  5) HDL Synthesis
     5.1) HDL Synthesis Report
  6) Advanced HDL Synthesis
     6.1) Advanced HDL Synthesis Report
  7) Low Level Synthesis
  8) Partition Report
  9) Final Report
	9.1) Device utilization summary
	9.2) Partition Resource Summary
	9.3) TIMING REPORT


=========================================================================
*                      Synthesis Options Summary                        *
=========================================================================
---- Source Parameters
Input File Name                    : "l6q3.prj"
Input Format                       : mixed
Ignore Synthesis Constraint File   : NO

---- Target Parameters
Output File Name                   : "l6q3"
Output Format                      : NGC
Target Device                      : xc4vfx12-12-sf363

---- Source Options
Top Module Name                    : l6q3
Automatic FSM Extraction           : YES
FSM Encoding Algorithm             : Auto
Safe Implementation                : No
FSM Style                          : LUT
RAM Extraction                     : Yes
RAM Style                          : Auto
ROM Extraction                     : Yes
Mux Style                          : Auto
Decoder Extraction                 : YES
Priority Encoder Extraction        : Yes
Shift Register Extraction          : YES
Logical Shifter Extraction         : YES
XOR Collapsing                     : YES
ROM Style                          : Auto
Mux Extraction                     : Yes
Resource Sharing                   : YES
Asynchronous To Synchronous        : NO
Use DSP Block                      : Auto
Automatic Register Balancing       : No

---- Target Options
Add IO Buffers                     : YES
Global Maximum Fanout              : 500
Add Generic Clock Buffer(BUFG)     : 32
Number of Regional Clock Buffers   : 16
Register Duplication               : YES
Slice Packing                      : YES
Optimize Instantiated Primitives   : NO
Use Clock Enable                   : Auto
Use Synchronous Set                : Auto
Use Synchronous Reset              : Auto
Pack IO Registers into IOBs        : Auto
Equivalent register Removal        : YES

---- General Options
Optimization Goal                  : Speed
Optimization Effort                : 1
Power Reduction                    : NO
Keep Hierarchy                     : No
Netlist Hierarchy                  : As_Optimized
RTL Output                         : Yes
Global Optimization                : AllClockNets
Read Cores                         : YES
Write Timing Constraints           : NO
Cross Clock Analysis               : NO
Hierarchy Separator                : /
Bus Delimiter                      : <>
Case Specifier                     : Maintain
Slice Utilization Ratio            : 100
BRAM Utilization Ratio             : 100
DSP48 Utilization Ratio            : 100
Verilog 2001                       : YES
Auto BRAM Packing                  : NO
Slice Utilization Ratio Delta      : 5

=========================================================================


=========================================================================
*                          HDL Compilation                              *
=========================================================================
Compiling verilog file "../../Src/l6q3.v" in library work
Module <l6q3> compiled
Module <xor2> compiled
Module <dff1> compiled
Module <dff2> compiled
Module <tb> compiled
No errors in compilation
Analysis of file <"l6q3.prj"> succeeded.
 

=========================================================================
*                     Design Hierarchy Analysis                         *
=========================================================================
Analyzing hierarchy for module <l6q3> in library <work>.

Analyzing hierarchy for module <dff1> in library <work>.

Analyzing hierarchy for module <dff2> in library <work>.

Analyzing hierarchy for module <xor2> in library <work>.


=========================================================================
*                            HDL Analysis                               *
=========================================================================
Analyzing top module <l6q3>.
WARNING:Xst:916 - "../../Src/l6q3.v" line 6: Delay is ignored for synthesis.
Module <l6q3> is correct for synthesis.
 
Analyzing module <dff1> in library <work>.
Module <dff1> is correct for synthesis.
 
Analyzing module <dff2> in library <work>.
WARNING:Xst:2179 - "../../Src/l6q3.v" line 41: Specify blocks are ignored for synthesis.
Module <dff2> is correct for synthesis.
 
Analyzing module <xor2> in library <work>.
WARNING:Xst:916 - "../../Src/l6q3.v" line 15: Delay is ignored for synthesis.
WARNING:Xst:916 - "../../Src/l6q3.v" line 16: Delay is ignored for synthesis.
WARNING:Xst:916 - "../../Src/l6q3.v" line 17: Delay is ignored for synthesis.
Module <xor2> is correct for synthesis.
 

=========================================================================
*                           HDL Synthesis                               *
=========================================================================

Performing bidirectional port resolution...

Synthesizing Unit <dff1>.
    Related source file is "../../Src/l6q3.v".
    Found 1-bit register for signal <op>.
    Summary:
	inferred   1 D-type flip-flop(s).
Unit <dff1> synthesized.


Synthesizing Unit <dff2>.
    Related source file is "../../Src/l6q3.v".
    Found 1-bit register for signal <op>.
    Summary:
	inferred   1 D-type flip-flop(s).
Unit <dff2> synthesized.


Synthesizing Unit <xor2>.
    Related source file is "../../Src/l6q3.v".
Unit <xor2> synthesized.


Synthesizing Unit <l6q3>.
    Related source file is "../../Src/l6q3.v".
WARNING:Xst:653 - Signal <t2> is used but never assigned. This sourceless signal will be automatically connected to value 0.
WARNING:Xst:646 - Signal <opt2> is assigned but never used. This unconnected signal will be trimmed during the optimization process.
Unit <l6q3> synthesized.

WARNING:Xst:524 - All outputs of the instance <i1> of the block <dff1> are unconnected in block <l6q3>.
   This instance will be removed from the design along with all underlying logic
WARNING:Xst:524 - All outputs of the instance <i2> of the block <dff2> are unconnected in block <l6q3>.
   This instance will be removed from the design along with all underlying logic
WARNING:Xst:524 - All outputs of the instance <i4> of the block <xor2> are unconnected in block <l6q3>.
   This instance will be removed from the design along with all underlying logic

=========================================================================
HDL Synthesis Report

Macro Statistics
# Registers                                            : 1
 1-bit register                                        : 1

=========================================================================

=========================================================================
*                       Advanced HDL Synthesis                          *
=========================================================================

WARNING:Xst:79 - Model 'xor2' has different characteristics in destination library
WARNING:Xst:80 - Model name has been changed to 'xor21'
WARNING:Xst:1710 - FF/Latch <op> (without init value) has a constant value of 0 in block <i3>. This FF/Latch will be trimmed during the optimization process.

=========================================================================
Advanced HDL Synthesis Report

Macro Statistics
# Registers                                            : 1
 Flip-Flops                                            : 1

=========================================================================

=========================================================================
*                         Low Level Synthesis                           *
=========================================================================
WARNING:Xst:1710 - FF/Latch <i3/op> (without init value) has a constant value of 0 in block <l6q3>. This FF/Latch will be trimmed during the optimization process.

Optimizing unit <l6q3> ...

Mapping all equations...
Building and optimizing final netlist ...
Found area constraint ratio of 100 (+ 5) on block l6q3, actual ratio is 0.

Final Macro Processing ...

=========================================================================
Final Register Report

Found no macro
=========================================================================

=========================================================================
*                           Partition Report                            *
=========================================================================

Partition Implementation Status
-------------------------------

  No Partitions were found in this design.

-------------------------------

=========================================================================
*                            Final Report                               *
=========================================================================
Final Results
RTL Top Level Output File Name     : l6q3.ngr
Top Level Output File Name         : l6q3
Output Format                      : NGC
Optimization Goal                  : Speed
Keep Hierarchy                     : No

Design Statistics
# IOs                              : 4

Cell Usage :
# BELS                             : 1
#      GND                         : 1
# IO Buffers                       : 1
#      OBUF                        : 1
=========================================================================

Device utilization summary:
---------------------------

Selected Device : 4vfx12sf363-12 

 Number of Slices:                        0  out of   5472     0%  
 Number of IOs:                           4
 Number of bonded IOBs:                   1  out of    240     0%  

---------------------------
Partition Resource Summary:
---------------------------

  No Partitions were found in this design.

---------------------------


=========================================================================
TIMING REPORT

NOTE: THESE TIMING NUMBERS ARE ONLY A SYNTHESIS ESTIMATE.
      FOR ACCURATE TIMING INFORMATION PLEASE REFER TO THE TRACE REPORT
      GENERATED AFTER PLACE-and-ROUTE.

Clock Information:
------------------
No clock signals found in this design

Asynchronous Control Signals Information:
----------------------------------------
No asynchronous control signals found in this design

Timing Summary:
---------------
Speed Grade: -12

   Minimum period: No path found
   Minimum input arrival time before clock: No path found
   Maximum output required time after clock: No path found
   Maximum combinational path delay: No path found

Timing Detail:
--------------
All values displayed in nanoseconds (ns)

=========================================================================


Total REAL time to Xst completion: 3.00 secs
Total CPU time to Xst completion: 2.89 secs
 
--> 

Total memory usage is 211624 kilobytes

Number of errors   :    0 (   0 filtered)
Number of warnings :   14 (   0 filtered)
Number of infos    :    0 (   0 filtered)

